<?xml version="1.0" encoding="UTF-8"?>
<testng-results ignored="0" total="1" passed="1" failed="0" skipped="0">
  <reporter-output>
  </reporter-output>
  <suite started-at="2024-07-30T17:05:36 GST" name="Suite" finished-at="2024-07-30T17:06:03 GST" duration-ms="27479">
    <groups>
    </groups>
    <test started-at="2024-07-30T17:05:36 GST" name="Main" finished-at="2024-07-30T17:06:03 GST" duration-ms="27479">
      <class name="TestScripts.Script">
        <test-method signature="f()[pri:0, instance:TestScripts.Script@741a8937]" started-at="2024-07-30T17:05:36 GST" name="f" finished-at="2024-07-30T17:06:03 GST" duration-ms="27455" status="PASS">
          <reporter-output>
          </reporter-output>
        </test-method> <!-- f -->
      </class> <!-- TestScripts.Script -->
    </test> <!-- Main -->
  </suite> <!-- Suite -->
</testng-results>
